2025-09-05 22:35:45,229 - INFO - Starting RAG pipeline...
2025-09-05 22:35:45,229 - INFO - Ingesting documents...
2025-09-05 22:35:48,690 - INFO - Splitting documents...
2025-09-05 22:35:48,691 - INFO - Creating embeddings...
2025-09-05 22:35:48,692 - INFO - Load pretrained SentenceTransformer: sentence-transformers/paraphrase-multilingual-MiniLM-L12-v2
2025-09-05 22:36:00,503 - INFO - Indexing documents...
2025-09-05 22:36:00,519 - INFO - Anonymized telemetry enabled. See                     https://docs.trychroma.com/telemetry for more information.
2025-09-05 22:36:01,703 - INFO - Query: Радиус Шварцшильда - это
2025-09-05 22:36:01,705 - INFO - Load pretrained SentenceTransformer: sentence-transformers/paraphrase-multilingual-MiniLM-L12-v2
2025-09-05 22:36:54,175 - INFO - Starting RAG pipeline...
2025-09-05 22:36:54,176 - INFO - Ingesting documents...
2025-09-05 22:37:16,241 - INFO - Starting RAG pipeline...
2025-09-05 22:37:16,242 - INFO - Ingesting documents...
2025-09-05 22:37:19,699 - INFO - Splitting documents...
2025-09-05 22:37:19,699 - INFO - Creating embeddings...
2025-09-05 22:37:19,700 - INFO - Load pretrained SentenceTransformer: sentence-transformers/paraphrase-multilingual-MiniLM-L12-v2
2025-09-05 22:37:31,556 - INFO - Indexing documents...
2025-09-05 22:37:31,573 - INFO - Anonymized telemetry enabled. See                     https://docs.trychroma.com/telemetry for more information.
2025-09-05 22:37:32,859 - INFO - Query: Радиус Шварцшильда - это
2025-09-05 22:37:32,862 - INFO - Load pretrained SentenceTransformer: sentence-transformers/paraphrase-multilingual-MiniLM-L12-v2
2025-09-05 22:38:01,099 - INFO - Starting RAG pipeline...
2025-09-05 22:38:01,099 - INFO - Ingesting documents...
2025-09-05 22:38:04,563 - INFO - Splitting documents...
2025-09-05 22:38:04,563 - INFO - Creating embeddings...
2025-09-05 22:38:04,564 - INFO - Load pretrained SentenceTransformer: sentence-transformers/paraphrase-multilingual-MiniLM-L12-v2
2025-09-05 22:38:16,618 - INFO - Indexing documents...
2025-09-05 22:38:16,636 - INFO - Anonymized telemetry enabled. See                     https://docs.trychroma.com/telemetry for more information.
2025-09-05 22:38:18,030 - INFO - Query: Радиус Шварцшильда - это
2025-09-05 22:38:18,033 - INFO - Load pretrained SentenceTransformer: sentence-transformers/paraphrase-multilingual-MiniLM-L12-v2
